<?xml version="1.0" encoding="UTF-8"?>
<!-- Generated by org.testng.reporters.JUnitXMLReporter -->
<testsuite ignored="0" hostname="vtluong" failures="0" tests="9" name="Surefire test" time="0.608" errors="0" timestamp="2023-10-30T17:28:08 ICT">
  <testcase classname="Edx.com.common.BaseTest" name="@BeforeMethod BeginWebTest" time="-1.698661688023E9">
    <failure type="org.testng.TestNGException" message="
Parameter &amp;apos;COURSE_URL&amp;apos; is required by BeforeMethod on method BeginWebTest but has not been marked @Optional or defined
">
      <![CDATA[org.testng.TestNGException: 
Parameter 'COURSE_URL' is required by BeforeMethod on method BeginWebTest but has not been marked @Optional or defined

at java.base/java.util.ArrayList.forEach(ArrayList.java:1511)
... Removed 33 stack frames]]>
    </failure>
  </testcase> <!-- @BeforeMethod BeginWebTest -->
  <testcase classname="Edx.com.common.BaseTest" name="@BeforeMethod BeginWebTest" time="-1.698661688315E9">
    <failure type="org.testng.TestNGException" message="
Parameter &amp;apos;COURSE_URL&amp;apos; is required by BeforeMethod on method BeginWebTest but has not been marked @Optional or defined
">
      <![CDATA[org.testng.TestNGException: 
Parameter 'COURSE_URL' is required by BeforeMethod on method BeginWebTest but has not been marked @Optional or defined

at java.base/java.util.ArrayList.forEach(ArrayList.java:1511)
... Removed 33 stack frames]]>
    </failure>
  </testcase> <!-- @BeforeMethod BeginWebTest -->
  <testcase classname="Edx.com.common.BaseTest" name="@BeforeMethod BeginWebTest" time="-1.698661688344E9">
    <failure type="org.testng.TestNGException" message="
Parameter &amp;apos;COURSE_URL&amp;apos; is required by BeforeMethod on method BeginWebTest but has not been marked @Optional or defined
">
      <![CDATA[org.testng.TestNGException: 
Parameter 'COURSE_URL' is required by BeforeMethod on method BeginWebTest but has not been marked @Optional or defined

at java.base/java.util.ArrayList.forEach(ArrayList.java:1511)
... Removed 33 stack frames]]>
    </failure>
  </testcase> <!-- @BeforeMethod BeginWebTest -->
  <testcase classname="Edx.com.common.BaseTest" name="@BeforeMethod BeginWebTest" time="-1.69866168839E9">
    <failure type="org.testng.TestNGException" message="
Parameter &amp;apos;COURSE_URL&amp;apos; is required by BeforeMethod on method BeginWebTest but has not been marked @Optional or defined
">
      <![CDATA[org.testng.TestNGException: 
Parameter 'COURSE_URL' is required by BeforeMethod on method BeginWebTest but has not been marked @Optional or defined

at java.base/java.util.ArrayList.forEach(ArrayList.java:1511)
... Removed 33 stack frames]]>
    </failure>
  </testcase> <!-- @BeforeMethod BeginWebTest -->
  <testcase classname="Edx.com.common.BaseTest" name="@BeforeMethod BeginWebTest" time="-1.698661688426E9">
    <failure type="org.testng.TestNGException" message="
Parameter &amp;apos;COURSE_URL&amp;apos; is required by BeforeMethod on method BeginWebTest but has not been marked @Optional or defined
">
      <![CDATA[org.testng.TestNGException: 
Parameter 'COURSE_URL' is required by BeforeMethod on method BeginWebTest but has not been marked @Optional or defined

at java.base/java.util.ArrayList.forEach(ArrayList.java:1511)
... Removed 33 stack frames]]>
    </failure>
  </testcase> <!-- @BeforeMethod BeginWebTest -->
  <testcase classname="Edx.com.common.BaseTest" name="@BeforeMethod BeginWebTest" time="-1.698661688443E9">
    <failure type="org.testng.TestNGException" message="
Parameter &amp;apos;COURSE_URL&amp;apos; is required by BeforeMethod on method BeginWebTest but has not been marked @Optional or defined
">
      <![CDATA[org.testng.TestNGException: 
Parameter 'COURSE_URL' is required by BeforeMethod on method BeginWebTest but has not been marked @Optional or defined

at java.base/java.util.ArrayList.forEach(ArrayList.java:1511)
... Removed 33 stack frames]]>
    </failure>
  </testcase> <!-- @BeforeMethod BeginWebTest -->
  <testcase classname="Edx.com.common.BaseTest" name="@BeforeMethod BeginWebTest" time="-1.69866168847E9">
    <failure type="org.testng.TestNGException" message="
Parameter &amp;apos;COURSE_URL&amp;apos; is required by BeforeMethod on method BeginWebTest but has not been marked @Optional or defined
">
      <![CDATA[org.testng.TestNGException: 
Parameter 'COURSE_URL' is required by BeforeMethod on method BeginWebTest but has not been marked @Optional or defined

at java.base/java.util.ArrayList.forEach(ArrayList.java:1511)
... Removed 33 stack frames]]>
    </failure>
  </testcase> <!-- @BeforeMethod BeginWebTest -->
  <testcase classname="Edx.com.common.BaseTest" name="@BeforeMethod BeginWebTest" time="-1.698661688493E9">
    <failure type="org.testng.TestNGException" message="
Parameter &amp;apos;COURSE_URL&amp;apos; is required by BeforeMethod on method BeginWebTest but has not been marked @Optional or defined
">
      <![CDATA[org.testng.TestNGException: 
Parameter 'COURSE_URL' is required by BeforeMethod on method BeginWebTest but has not been marked @Optional or defined

at java.base/java.util.ArrayList.forEach(ArrayList.java:1511)
... Removed 33 stack frames]]>
    </failure>
  </testcase> <!-- @BeforeMethod BeginWebTest -->
  <testcase classname="Edx.com.common.BaseTest" name="@BeforeMethod BeginWebTest" time="-1.698661688511E9">
    <failure type="org.testng.TestNGException" message="
Parameter &amp;apos;COURSE_URL&amp;apos; is required by BeforeMethod on method BeginWebTest but has not been marked @Optional or defined
">
      <![CDATA[org.testng.TestNGException: 
Parameter 'COURSE_URL' is required by BeforeMethod on method BeginWebTest but has not been marked @Optional or defined

at java.base/java.util.ArrayList.forEach(ArrayList.java:1511)
... Removed 33 stack frames]]>
    </failure>
  </testcase> <!-- @BeforeMethod BeginWebTest -->
  <testcase classname="Edx.com.testcases.EdxTest" name="EdxAutomation" time="0.0">
    <skipped/>
  </testcase> <!-- EdxAutomation -->
  <testcase classname="Edx.com.testcases.ElementNotInteractableExceptionHandlingTest" name="testElementNotInteractableExceptionHandling_usingJavascriptValue" time="0.0">
    <skipped/>
  </testcase> <!-- testElementNotInteractableExceptionHandling_usingJavascriptValue -->
  <testcase classname="Edx.com.testcases.LoginAppTest" name="testHomePageAppearCorrect" time="0.0">
    <skipped/>
  </testcase> <!-- testHomePageAppearCorrect -->
  <testcase classname="Edx.com.testcases.LoginAppTest" name="testLoginPageAppearCorrectAfterLogout_WithPageChaining" time="0.0">
    <skipped/>
  </testcase> <!-- testLoginPageAppearCorrectAfterLogout_WithPageChaining -->
  <testcase classname="Edx.com.testcases.LoginAppTest" name="testLoginPageAppearCorrectAfterLogout_WithoutPageChaining" time="0.0">
    <skipped/>
  </testcase> <!-- testLoginPageAppearCorrectAfterLogout_WithoutPageChaining -->
  <testcase classname="Edx.com.testcases.LoginAppWithPageFactoryTest" name="testHomePageAppearCorrectWithPageFactory" time="0.0">
    <skipped/>
  </testcase> <!-- testHomePageAppearCorrectWithPageFactory -->
  <testcase classname="Edx.com.testcases.LoginAppWithPageFactoryTest" name="testLoginPageAppearCorrectWithPageFactory" time="0.0">
    <skipped/>
  </testcase> <!-- testLoginPageAppearCorrectWithPageFactory -->
  <testcase classname="Edx.com.testcases.SeleniumWaitsTest" name="testImplicitWait_WithCustomValue" time="0.0">
    <skipped/>
  </testcase> <!-- testImplicitWait_WithCustomValue -->
  <testcase classname="Edx.com.testcases.StaleElementReferenceExceptionHandlingTest" name="testStaleElementReferenceExceptionHandling_usingExplicitWait" time="0.0">
    <skipped/>
  </testcase> <!-- testStaleElementReferenceExceptionHandling_usingExplicitWait -->
</testsuite> <!-- Surefire test -->
