[INFO] 11-12-2023 23:23:40 [main] [LogUtils] - Starting Suite: Surefire suite
[INFO] 11-12-2023 23:23:40 [main] [LogUtils] -  --- Starting: BeginWebTest
[INFO] 11-12-2023 23:23:43 [main] [LogUtils] -  --- Ending: BeginWebTest
[INFO] 11-12-2023 23:23:43 [main] [LogUtils] - Test case:  is starting...
[INFO] 11-12-2023 23:23:43 [main] [LogUtils] -  --- Starting: EdxAutomation
[INFO] 11-12-2023 23:23:43 [main] [LogUtils] -  --- Ending: EdxAutomation
[ERROR] 11-12-2023 23:23:43 [main] [LogUtils] - Test case:  is failed.
[INFO] 11-12-2023 23:23:43 [main] [LogUtils] - Driver for Screenshot: ChromeDriver: chrome on windows (2f2443eaa6461ca2274a7bb5ed3b3163)
[INFO] 11-12-2023 23:23:44 [main] [LogUtils] - Screenshot taken: EdxAutomation
[INFO] 11-12-2023 23:23:44 [main] [LogUtils] - Screenshot taken current URL: data:,
[ERROR] 11-12-2023 23:23:44 [main] [LogUtils] - FAILED !! Screenshot for test case: EdxAutomation
[ERROR] 11-12-2023 23:23:44 [main] [LogUtils] - org.openqa.selenium.NoSuchElementException: no such element: Unable to locate element: {"method":"xpath","selector":"//div[contains(text(),'weeks')]"}
  (Session info: chrome=119.0.6045.200)
For documentation on this error, please visit: https://www.selenium.dev/documentation/webdriver/troubleshooting/errors#no-such-element-exception
Build info: version: '4.13.0', revision: 'ba948ece5b*'
System info: os.name: 'Windows 10', os.arch: 'amd64', os.version: '10.0', java.version: '17.0.5'
Driver info: org.openqa.selenium.chrome.ChromeDriver
Command: [2f2443eaa6461ca2274a7bb5ed3b3163, findElement {using=xpath, value=//div[contains(text(),'weeks')]}]
Capabilities {acceptInsecureCerts: false, browserName: chrome, browserVersion: 119.0.6045.200, chrome: {chromedriverVersion: 119.0.6045.105 (38c72552c5e..., userDataDir: C:\Users\vtluong\AppData\Lo...}, fedcm:accounts: true, goog:chromeOptions: {debuggerAddress: localhost:56787}, networkConnectionEnabled: false, pageLoadStrategy: normal, platformName: windows, proxy: Proxy(), se:cdp: ws://localhost:56787/devtoo..., se:cdpVersion: 119.0.6045.200, setWindowRect: true, strictFileInteractability: false, timeouts: {implicit: 0, pageLoad: 300000, script: 30000}, unhandledPromptBehavior: dismiss and notify, webauthn:extension:credBlob: true, webauthn:extension:largeBlob: true, webauthn:extension:minPinLength: true, webauthn:extension:prf: true, webauthn:virtualAuthenticators: true}
Session ID: 2f2443eaa6461ca2274a7bb5ed3b3163
[INFO] 11-12-2023 23:23:44 [main] [LogUtils] - Driver for Screenshot: ChromeDriver: chrome on windows (2f2443eaa6461ca2274a7bb5ed3b3163)
[INFO] 11-12-2023 23:23:44 [main] [LogUtils] - Screenshot taken: EdxAutomation
[INFO] 11-12-2023 23:23:44 [main] [LogUtils] - Screenshot taken current URL: data:,
[INFO] 11-12-2023 23:23:44 [main] [LogUtils] -  --- Starting: closeDriver
[INFO] 11-12-2023 23:23:45 [main] [LogUtils] -  --- Ending: closeDriver
[INFO] 11-12-2023 23:23:45 [main] [LogUtils] - End Suite: Surefire suite
