<!DOCTYPE html PUBLIC "-//W3C//DTD XHTML 1.1//EN" "https://www.w3.org/TR/xhtml11/DTD/xhtml11.dtd">
<html xmlns="https://www.w3.org/1999/xhtml">
<head>
<meta http-equiv="content-type" content="text/html; charset=UTF-8"/>
<title>TestNG Report</title>
<style type="text/css">table {margin-bottom:10px;border-collapse:collapse;empty-cells:show}th,td {border:1px solid #009;padding:.25em .5em}th {vertical-align:bottom}td {vertical-align:top}table a {font-weight:bold}.stripe td {background-color: #E6EBF9}.num {text-align:right}.passedodd td {background-color: #3F3}.passedeven td {background-color: #0A0}.skippedodd td {background-color: #DDD}.skippedeven td {background-color: #CCC}.failedodd td,.attn {background-color: #F33}.failedeven td,.stripe .attn {background-color: #D00}.stacktrace {white-space:pre;font-family:monospace}.totop {font-size:85%;text-align:center;border-bottom:2px solid #000}.invisible {display:none}</style>
</head>
<body>
<table>
<tr><th>Test</th><th># Passed</th><th># Skipped</th><th># Retried</th><th># Failed</th><th>Time (ms)</th><th>Included Groups</th><th>Excluded Groups</th></tr>
<tr><th colspan="8">Surefire suite</th></tr>
<tr><td><a href="#t0">Surefire test</a></td><td class="num">0</td><td class="num attn">9</td><td class="num">0</td><td class="num">0</td><td class="num">608</td><td></td><td></td></tr>
</table>
<table id='summary'><thead><tr><th>Class</th><th>Method</th><th>Start</th><th>Time (ms)</th></tr></thead><tbody><tr><th colspan="4">Surefire suite</th></tr></tbody><tbody id="t0"><tr><th colspan="4">Surefire test &#8212; failed (configuration methods)</th></tr><tr class="failedeven"><td rowspan="1">Edx.com.testcases.EdxTest</td><td><a href="#m0">BeginWebTest</a></td><td rowspan="1">1698661688023</td><td rowspan="1">-1698661688023</td></tr><tr class="failedodd"><td rowspan="1">Edx.com.testcases.ElementNotInteractableExceptionHandlingTest</td><td><a href="#m1">BeginWebTest</a></td><td rowspan="1">1698661688315</td><td rowspan="1">-1698661688315</td></tr><tr class="failedeven"><td rowspan="3">Edx.com.testcases.LoginAppTest</td><td><a href="#m2">BeginWebTest</a></td><td rowspan="3">1698661688344</td><td rowspan="3">-1698661688344</td></tr><tr class="failedeven"><td><a href="#m3">BeginWebTest</a></td></tr><tr class="failedeven"><td><a href="#m4">BeginWebTest</a></td></tr><tr class="failedodd"><td rowspan="2">Edx.com.testcases.LoginAppWithPageFactoryTest</td><td><a href="#m5">BeginWebTest</a></td><td rowspan="2">1698661688470</td><td rowspan="2">-1698661688470</td></tr><tr class="failedodd"><td><a href="#m6">BeginWebTest</a></td></tr><tr class="failedeven"><td rowspan="1">Edx.com.testcases.SeleniumWaitsTest</td><td><a href="#m7">BeginWebTest</a></td><td rowspan="1">1698661688493</td><td rowspan="1">-1698661688493</td></tr><tr class="failedodd"><td rowspan="1">Edx.com.testcases.StaleElementReferenceExceptionHandlingTest</td><td><a href="#m8">BeginWebTest</a></td><td rowspan="1">1698661688511</td><td rowspan="1">-1698661688511</td></tr><tr><th colspan="4">Surefire test &#8212; skipped</th></tr><tr class="skippedeven"><td rowspan="1">Edx.com.testcases.EdxTest</td><td><a href="#m9">EdxAutomation</a></td><td rowspan="1">1698661688262</td><td rowspan="1">0</td></tr><tr class="skippedodd"><td rowspan="1">Edx.com.testcases.ElementNotInteractableExceptionHandlingTest</td><td><a href="#m10">testElementNotInteractableExceptionHandling_usingJavascriptValue</a></td><td rowspan="1">1698661688322</td><td rowspan="1">0</td></tr><tr class="skippedeven"><td rowspan="3">Edx.com.testcases.LoginAppTest</td><td><a href="#m11">testHomePageAppearCorrect</a></td><td rowspan="1">1698661688356</td><td rowspan="1">0</td></tr><tr class="skippedeven"><td><a href="#m12">testLoginPageAppearCorrectAfterLogout_WithPageChaining</a></td><td rowspan="1">1698661688405</td><td rowspan="1">0</td></tr><tr class="skippedeven"><td><a href="#m13">testLoginPageAppearCorrectAfterLogout_WithoutPageChaining</a></td><td rowspan="1">1698661688434</td><td rowspan="1">0</td></tr><tr class="skippedodd"><td rowspan="2">Edx.com.testcases.LoginAppWithPageFactoryTest</td><td><a href="#m14">testHomePageAppearCorrectWithPageFactory</a></td><td rowspan="1">1698661688454</td><td rowspan="1">0</td></tr><tr class="skippedodd"><td><a href="#m15">testLoginPageAppearCorrectWithPageFactory</a></td><td rowspan="1">1698661688483</td><td rowspan="1">0</td></tr><tr class="skippedeven"><td rowspan="1">Edx.com.testcases.SeleniumWaitsTest</td><td><a href="#m16">testImplicitWait_WithCustomValue</a></td><td rowspan="1">1698661688497</td><td rowspan="1">0</td></tr><tr class="skippedodd"><td rowspan="1">Edx.com.testcases.StaleElementReferenceExceptionHandlingTest</td><td><a href="#m17">testStaleElementReferenceExceptionHandling_usingExplicitWait</a></td><td rowspan="1">1698661688515</td><td rowspan="1">0</td></tr></tbody>
</table>
<h2>Surefire test</h2><h3 id="m0">Edx.com.testcases.EdxTest#BeginWebTest</h3><table class="result"><tr><th>Exception</th></tr><tr><td><div class="stacktrace">org.testng.TestNGException: 
Parameter &apos;COURSE_URL&apos; is required by BeforeMethod on method BeginWebTest but has not been marked @Optional or defined

	at java.base/java.util.ArrayList.forEach(ArrayList.java:1511)
... Removed 33 stack frames</div></td></tr></table><p class="totop"><a href="#summary">back to summary</a></p>
<h3 id="m1">Edx.com.testcases.ElementNotInteractableExceptionHandlingTest#BeginWebTest</h3><table class="result"><tr><th>Exception</th></tr><tr><td><div class="stacktrace">org.testng.TestNGException: 
Parameter &apos;COURSE_URL&apos; is required by BeforeMethod on method BeginWebTest but has not been marked @Optional or defined

	at java.base/java.util.ArrayList.forEach(ArrayList.java:1511)
... Removed 33 stack frames</div></td></tr></table><p class="totop"><a href="#summary">back to summary</a></p>
<h3 id="m2">Edx.com.testcases.LoginAppTest#BeginWebTest</h3><table class="result"><tr><th>Exception</th></tr><tr><td><div class="stacktrace">org.testng.TestNGException: 
Parameter &apos;COURSE_URL&apos; is required by BeforeMethod on method BeginWebTest but has not been marked @Optional or defined

	at java.base/java.util.ArrayList.forEach(ArrayList.java:1511)
... Removed 33 stack frames</div></td></tr></table><p class="totop"><a href="#summary">back to summary</a></p>
<h3 id="m3">Edx.com.testcases.LoginAppTest#BeginWebTest</h3><table class="result"><tr><th>Exception</th></tr><tr><td><div class="stacktrace">org.testng.TestNGException: 
Parameter &apos;COURSE_URL&apos; is required by BeforeMethod on method BeginWebTest but has not been marked @Optional or defined

	at java.base/java.util.ArrayList.forEach(ArrayList.java:1511)
... Removed 33 stack frames</div></td></tr></table><p class="totop"><a href="#summary">back to summary</a></p>
<h3 id="m4">Edx.com.testcases.LoginAppTest#BeginWebTest</h3><table class="result"><tr><th>Exception</th></tr><tr><td><div class="stacktrace">org.testng.TestNGException: 
Parameter &apos;COURSE_URL&apos; is required by BeforeMethod on method BeginWebTest but has not been marked @Optional or defined

	at java.base/java.util.ArrayList.forEach(ArrayList.java:1511)
... Removed 33 stack frames</div></td></tr></table><p class="totop"><a href="#summary">back to summary</a></p>
<h3 id="m5">Edx.com.testcases.LoginAppWithPageFactoryTest#BeginWebTest</h3><table class="result"><tr><th>Exception</th></tr><tr><td><div class="stacktrace">org.testng.TestNGException: 
Parameter &apos;COURSE_URL&apos; is required by BeforeMethod on method BeginWebTest but has not been marked @Optional or defined

	at java.base/java.util.ArrayList.forEach(ArrayList.java:1511)
... Removed 33 stack frames</div></td></tr></table><p class="totop"><a href="#summary">back to summary</a></p>
<h3 id="m6">Edx.com.testcases.LoginAppWithPageFactoryTest#BeginWebTest</h3><table class="result"><tr><th>Exception</th></tr><tr><td><div class="stacktrace">org.testng.TestNGException: 
Parameter &apos;COURSE_URL&apos; is required by BeforeMethod on method BeginWebTest but has not been marked @Optional or defined

	at java.base/java.util.ArrayList.forEach(ArrayList.java:1511)
... Removed 33 stack frames</div></td></tr></table><p class="totop"><a href="#summary">back to summary</a></p>
<h3 id="m7">Edx.com.testcases.SeleniumWaitsTest#BeginWebTest</h3><table class="result"><tr><th>Exception</th></tr><tr><td><div class="stacktrace">org.testng.TestNGException: 
Parameter &apos;COURSE_URL&apos; is required by BeforeMethod on method BeginWebTest but has not been marked @Optional or defined

	at java.base/java.util.ArrayList.forEach(ArrayList.java:1511)
... Removed 33 stack frames</div></td></tr></table><p class="totop"><a href="#summary">back to summary</a></p>
<h3 id="m8">Edx.com.testcases.StaleElementReferenceExceptionHandlingTest#BeginWebTest</h3><table class="result"><tr><th>Exception</th></tr><tr><td><div class="stacktrace">org.testng.TestNGException: 
Parameter &apos;COURSE_URL&apos; is required by BeforeMethod on method BeginWebTest but has not been marked @Optional or defined

	at java.base/java.util.ArrayList.forEach(ArrayList.java:1511)
... Removed 33 stack frames</div></td></tr></table><p class="totop"><a href="#summary">back to summary</a></p>
<h3 id="m9">Edx.com.testcases.EdxTest#EdxAutomation</h3><table class="result"><tr><th>Exception</th></tr><tr><td><div class="stacktrace">org.testng.TestNGException: 
Parameter &apos;COURSE_URL&apos; is required by BeforeMethod on method BeginWebTest but has not been marked @Optional or defined

	at java.base/java.util.ArrayList.forEach(ArrayList.java:1511)
... Removed 33 stack frames</div></td></tr></table><p class="totop"><a href="#summary">back to summary</a></p>
<h3 id="m10">Edx.com.testcases.ElementNotInteractableExceptionHandlingTest#testElementNotInteractableExceptionHandling_usingJavascriptValue</h3><table class="result"><tr><th>Exception</th></tr><tr><td><div class="stacktrace">org.testng.TestNGException: 
Parameter &apos;COURSE_URL&apos; is required by BeforeMethod on method BeginWebTest but has not been marked @Optional or defined

	at java.base/java.util.ArrayList.forEach(ArrayList.java:1511)
... Removed 33 stack frames</div></td></tr></table><p class="totop"><a href="#summary">back to summary</a></p>
<h3 id="m11">Edx.com.testcases.LoginAppTest#testHomePageAppearCorrect</h3><table class="result"><tr><th>Exception</th></tr><tr><td><div class="stacktrace">org.testng.TestNGException: 
Parameter &apos;COURSE_URL&apos; is required by BeforeMethod on method BeginWebTest but has not been marked @Optional or defined

	at java.base/java.util.ArrayList.forEach(ArrayList.java:1511)
... Removed 33 stack frames</div></td></tr></table><p class="totop"><a href="#summary">back to summary</a></p>
<h3 id="m12">Edx.com.testcases.LoginAppTest#testLoginPageAppearCorrectAfterLogout_WithPageChaining</h3><table class="result"><tr><th>Exception</th></tr><tr><td><div class="stacktrace">org.testng.TestNGException: 
Parameter &apos;COURSE_URL&apos; is required by BeforeMethod on method BeginWebTest but has not been marked @Optional or defined

	at java.base/java.util.ArrayList.forEach(ArrayList.java:1511)
... Removed 33 stack frames</div></td></tr></table><p class="totop"><a href="#summary">back to summary</a></p>
<h3 id="m13">Edx.com.testcases.LoginAppTest#testLoginPageAppearCorrectAfterLogout_WithoutPageChaining</h3><table class="result"><tr><th>Exception</th></tr><tr><td><div class="stacktrace">org.testng.TestNGException: 
Parameter &apos;COURSE_URL&apos; is required by BeforeMethod on method BeginWebTest but has not been marked @Optional or defined

	at java.base/java.util.ArrayList.forEach(ArrayList.java:1511)
... Removed 33 stack frames</div></td></tr></table><p class="totop"><a href="#summary">back to summary</a></p>
<h3 id="m14">Edx.com.testcases.LoginAppWithPageFactoryTest#testHomePageAppearCorrectWithPageFactory</h3><table class="result"><tr><th>Exception</th></tr><tr><td><div class="stacktrace">org.testng.TestNGException: 
Parameter &apos;COURSE_URL&apos; is required by BeforeMethod on method BeginWebTest but has not been marked @Optional or defined

	at java.base/java.util.ArrayList.forEach(ArrayList.java:1511)
... Removed 33 stack frames</div></td></tr></table><p class="totop"><a href="#summary">back to summary</a></p>
<h3 id="m15">Edx.com.testcases.LoginAppWithPageFactoryTest#testLoginPageAppearCorrectWithPageFactory</h3><table class="result"><tr><th>Exception</th></tr><tr><td><div class="stacktrace">org.testng.TestNGException: 
Parameter &apos;COURSE_URL&apos; is required by BeforeMethod on method BeginWebTest but has not been marked @Optional or defined

	at java.base/java.util.ArrayList.forEach(ArrayList.java:1511)
... Removed 33 stack frames</div></td></tr></table><p class="totop"><a href="#summary">back to summary</a></p>
<h3 id="m16">Edx.com.testcases.SeleniumWaitsTest#testImplicitWait_WithCustomValue</h3><table class="result"><tr><th>Exception</th></tr><tr><td><div class="stacktrace">org.testng.TestNGException: 
Parameter &apos;COURSE_URL&apos; is required by BeforeMethod on method BeginWebTest but has not been marked @Optional or defined

	at java.base/java.util.ArrayList.forEach(ArrayList.java:1511)
... Removed 33 stack frames</div></td></tr></table><p class="totop"><a href="#summary">back to summary</a></p>
<h3 id="m17">Edx.com.testcases.StaleElementReferenceExceptionHandlingTest#testStaleElementReferenceExceptionHandling_usingExplicitWait</h3><table class="result"><tr><th>Exception</th></tr><tr><td><div class="stacktrace">org.testng.TestNGException: 
Parameter &apos;COURSE_URL&apos; is required by BeforeMethod on method BeginWebTest but has not been marked @Optional or defined

	at java.base/java.util.ArrayList.forEach(ArrayList.java:1511)
... Removed 33 stack frames</div></td></tr></table><p class="totop"><a href="#summary">back to summary</a></p>
</body>
</html>
